# JRE version: Java(TM) SE Runtime Environment (8.0_40-b27) (build 1.8.0_40-b27)
# Java VM: Java HotSpot(TM) 64-Bit Server VM (25.40-b25 mixed mode bsd-amd64 compressed oops)
Heap:
 PSYoungGen      total 65024K, used 40716K [0x00000007aab00000, 0x00000007af000000, 0x00000007c0000000)
  eden space 62464K, 61% used [0x00000007aab00000,0x00000007ad043c90,0x00000007ae800000)
  from space 2560K, 99% used [0x00000007aed80000,0x00000007aefff640,0x00000007af000000)
  to   space 2560K, 0% used [0x00000007aeb00000,0x00000007aeb00000,0x00000007aed80000)
 ParOldGen       total 110080K, used 71742K [0x0000000780000000, 0x0000000786b80000, 0x00000007aab00000)
  object space 110080K, 65% used [0x0000000780000000,0x000000078460fbf0,0x0000000786b80000)
 Metaspace       used 15139K, capacity 15828K, committed 16000K, reserved 1062912K
  class space    used 2182K, capacity 2360K, committed 2432K, reserved 1048576K
GC Heap History (10 events):
Event: 1.119 GC heap before
{Heap before GC invocations=1 (full 0):
 PSYoungGen      total 18944K, used 16370K [0x00000007aab00000, 0x00000007ac000000, 0x00000007c0000000)
  eden space 16384K, 99% used [0x00000007aab00000,0x00000007abafc810,0x00000007abb00000)
  from space 2560K, 0% used [0x00000007abd80000,0x00000007abd80000,0x00000007ac000000)
  to   space 2560K, 0% used [0x00000007abb00000,0x00000007abb00000,0x00000007abd80000)
 ParOldGen       total 44032K, used 0K [0x0000000780000000, 0x0000000782b00000, 0x00000007aab00000)
  object space 44032K, 0% used [0x0000000780000000,0x0000000780000000,0x0000000782b00000)
 Metaspace       used 7076K, capacity 7376K, committed 7552K, reserved 1056768K
  class space    used 794K, capacity 886K, committed 896K, reserved 1048576K
Event: 1.177 GC heap after
Heap after GC invocations=1 (full 0):
 PSYoungGen      total 18944K, used 2558K [0x00000007aab00000, 0x00000007ad000000, 0x00000007c0000000)
  eden space 16384K, 0% used [0x00000007aab00000,0x00000007aab00000,0x00000007abb00000)
  from space 2560K, 99% used [0x00000007abb00000,0x00000007abd7f9a0,0x00000007abd80000)
  to   space 2560K, 0% used [0x00000007acd80000,0x00000007acd80000,0x00000007ad000000)
 ParOldGen       total 44032K, used 5815K [0x0000000780000000, 0x0000000782b00000, 0x00000007aab00000)
  object space 44032K, 13% used [0x0000000780000000,0x00000007805ade78,0x0000000782b00000)
 Metaspace       used 7076K, capacity 7376K, committed 7552K, reserved 1056768K
  class space    used 794K, capacity 886K, committed 896K, reserved 1048576K
}
Event: 1.195 GC heap before
{Heap before GC invocations=2 (full 0):
 PSYoungGen      total 18944K, used 18942K [0x00000007aab00000, 0x00000007ad000000, 0x00000007c0000000)
  eden space 16384K, 100% used [0x00000007aab00000,0x00000007abb00000,0x00000007abb00000)
  from space 2560K, 99% used [0x00000007abb00000,0x00000007abd7f9a0,0x00000007abd80000)
  to   space 2560K, 0% used [0x00000007acd80000,0x00000007acd80000,0x00000007ad000000)
 ParOldGen       total 44032K, used 5815K [0x0000000780000000, 0x0000000782b00000, 0x00000007aab00000)
  object space 44032K, 13% used [0x0000000780000000,0x00000007805ade78,0x0000000782b00000)
 Metaspace       used 7077K, capacity 7376K, committed 7552K, reserved 1056768K
  class space    used 794K, capacity 886K, committed 896K, reserved 1048576K
Event: 1.252 GC heap after
Heap after GC invocations=2 (full 0):
 PSYoungGen      total 35328K, used 2558K [0x00000007aab00000, 0x00000007ad000000, 0x00000007c0000000)
  eden space 32768K, 0% used [0x00000007aab00000,0x00000007aab00000,0x00000007acb00000)
  from space 2560K, 99% used [0x00000007acd80000,0x00000007acfff9a0,0x00000007ad000000)
  to   space 2560K, 0% used [0x00000007acb00000,0x00000007acb00000,0x00000007acd80000)
 ParOldGen       total 44032K, used 22130K [0x0000000780000000, 0x0000000782b00000, 0x00000007aab00000)
  object space 44032K, 50% used [0x0000000780000000,0x000000078159ca28,0x0000000782b00000)
 Metaspace       used 7077K, capacity 7376K, committed 7552K, reserved 1056768K
  class space    used 794K, capacity 886K, committed 896K, reserved 1048576K
}
Event: 1.325 GC heap before
{Heap before GC invocations=3 (full 0):
 PSYoungGen      total 35328K, used 35326K [0x00000007aab00000, 0x00000007ad000000, 0x00000007c0000000)
  eden space 32768K, 100% used [0x00000007aab00000,0x00000007acb00000,0x00000007acb00000)
  from space 2560K, 99% used [0x00000007acd80000,0x00000007acfff9a0,0x00000007ad000000)
  to   space 2560K, 0% used [0x00000007acb00000,0x00000007acb00000,0x00000007acd80000)
 ParOldGen       total 44032K, used 22130K [0x0000000780000000, 0x0000000782b00000, 0x00000007aab00000)
  object space 44032K, 50% used [0x0000000780000000,0x000000078159ca28,0x0000000782b00000)
 Metaspace       used 7097K, capacity 7376K, committed 7552K, reserved 1056768K
  class space    used 796K, capacity 886K, committed 896K, reserved 1048576K
Event: 1.405 GC heap after
Heap after GC invocations=3 (full 0):
 PSYoungGen      total 35328K, used 2547K [0x00000007aab00000, 0x00000007af000000, 0x00000007c0000000)
  eden space 32768K, 0% used [0x00000007aab00000,0x00000007aab00000,0x00000007acb00000)
  from space 2560K, 99% used [0x00000007acb00000,0x00000007acd7cc30,0x00000007acd80000)
  to   space 2560K, 0% used [0x00000007aed80000,0x00000007aed80000,0x00000007af000000)
 ParOldGen       total 54784K, used 54435K [0x0000000780000000, 0x0000000783580000, 0x00000007aab00000)
  object space 54784K, 99% used [0x0000000780000000,0x0000000783528ee8,0x0000000783580000)
 Metaspace       used 7097K, capacity 7376K, committed 7552K, reserved 1056768K
  class space    used 796K, capacity 886K, committed 896K, reserved 1048576K
}
Event: 1.405 GC heap before
{Heap before GC invocations=4 (full 1):
 PSYoungGen      total 35328K, used 2547K [0x00000007aab00000, 0x00000007af000000, 0x00000007c0000000)
  eden space 32768K, 0% used [0x00000007aab00000,0x00000007aab00000,0x00000007acb00000)
  from space 2560K, 99% used [0x00000007acb00000,0x00000007acd7cc30,0x00000007acd80000)
  to   space 2560K, 0% used [0x00000007aed80000,0x00000007aed80000,0x00000007af000000)
 ParOldGen       total 54784K, used 54435K [0x0000000780000000, 0x0000000783580000, 0x00000007aab00000)
  object space 54784K, 99% used [0x0000000780000000,0x0000000783528ee8,0x0000000783580000)
 Metaspace       used 7097K, capacity 7376K, committed 7552K, reserved 1056768K
  class space    used 796K, capacity 886K, committed 896K, reserved 1048576K
Event: 1.459 GC heap after
Heap after GC invocations=4 (full 1):
 PSYoungGen      total 35328K, used 2523K [0x00000007aab00000, 0x00000007af000000, 0x00000007c0000000)
  eden space 32768K, 0% used [0x00000007aab00000,0x00000007aab00000,0x00000007acb00000)
  from space 2560K, 98% used [0x00000007acb00000,0x00000007acd76e38,0x00000007acd80000)
  to   space 2560K, 0% used [0x00000007aed80000,0x00000007aed80000,0x00000007af000000)
 ParOldGen       total 110080K, used 54357K [0x0000000780000000, 0x0000000786b80000, 0x00000007aab00000)
  object space 110080K, 49% used [0x0000000780000000,0x0000000783515478,0x0000000786b80000)
 Metaspace       used 7097K, capacity 7376K, committed 7552K, reserved 1056768K
  class space    used 796K, capacity 886K, committed 896K, reserved 1048576K
}
Event: 3.057 GC heap before
{Heap before GC invocations=5 (full 1):
 PSYoungGen      total 35328K, used 35291K [0x00000007aab00000, 0x00000007af000000, 0x00000007c0000000)
  eden space 32768K, 100% used [0x00000007aab00000,0x00000007acb00000,0x00000007acb00000)
  from space 2560K, 98% used [0x00000007acb00000,0x00000007acd76e38,0x00000007acd80000)
  to   space 2560K, 0% used [0x00000007aed80000,0x00000007aed80000,0x00000007af000000)
 ParOldGen       total 110080K, used 54357K [0x0000000780000000, 0x0000000786b80000, 0x00000007aab00000)
  object space 110080K, 49% used [0x0000000780000000,0x0000000783515478,0x0000000786b80000)
 Metaspace       used 11305K, capacity 11720K, committed 12032K, reserved 1058816K
  class space    used 1571K, capacity 1706K, committed 1792K, reserved 1048576K
Event: 3.073 GC heap after
Heap after GC invocations=5 (full 1):
 PSYoungGen      total 65024K, used 2557K [0x00000007aab00000, 0x00000007af000000, 0x00000007c0000000)
  eden space 62464K, 0% used [0x00000007aab00000,0x00000007aab00000,0x00000007ae800000)
  from space 2560K, 99% used [0x00000007aed80000,0x00000007aefff640,0x00000007af000000)
  to   space 2560K, 0% used [0x00000007aeb00000,0x00000007aeb00000,0x00000007aed80000)
 ParOldGen       total 110080K, used 71742K [0x0000000780000000, 0x0000000786b80000, 0x00000007aab00000)
  object space 110080K, 65% used [0x0000000780000000,0x000000078460fbf0,0x0000000786b80000)
 Metaspace       used 11305K, capacity 11720K, committed 12032K, reserved 1058816K
  class space    used 1571K, capacity 1706K, committed 1792K, reserved 1048576K
}

