# JRE version: Java(TM) SE Runtime Environment (8.0_40-b27) (build 1.8.0_40-b27)
# Java VM: Java HotSpot(TM) 64-Bit Server VM (25.40-b25 mixed mode bsd-amd64 compressed oops)
Heap:
 PSYoungGen      total 35328K, used 25575K [0x00000007aab00000, 0x00000007b1a00000, 0x00000007c0000000)
  eden space 32768K, 78% used [0x00000007aab00000,0x00000007ac3f9cb8,0x00000007acb00000)
  from space 2560K, 0% used [0x00000007acb00000,0x00000007acb00000,0x00000007acd80000)
  to   space 28672K, 0% used [0x00000007afe00000,0x00000007afe00000,0x00000007b1a00000)
 ParOldGen       total 116736K, used 74100K [0x0000000780000000, 0x0000000787200000, 0x00000007aab00000)
  object space 116736K, 63% used [0x0000000780000000,0x000000078485d2d0,0x0000000787200000)
 Metaspace       used 15332K, capacity 16020K, committed 16256K, reserved 1062912K
  class space    used 2181K, capacity 2360K, committed 2432K, reserved 1048576K
GC Heap History (10 events):
Event: 0.884 GC heap before
{Heap before GC invocations=3 (full 0):
 PSYoungGen      total 18944K, used 18941K [0x00000007aab00000, 0x00000007ad000000, 0x00000007c0000000)
  eden space 16384K, 100% used [0x00000007aab00000,0x00000007abb00000,0x00000007abb00000)
  from space 2560K, 99% used [0x00000007abd80000,0x00000007abfff4a0,0x00000007ac000000)
  to   space 2560K, 0% used [0x00000007abb00000,0x00000007abb00000,0x00000007abd80000)
 ParOldGen       total 44032K, used 22134K [0x0000000780000000, 0x0000000782b00000, 0x00000007aab00000)
  object space 44032K, 50% used [0x0000000780000000,0x000000078159dbf0,0x0000000782b00000)
 Metaspace       used 7074K, capacity 7376K, committed 7552K, reserved 1056768K
  class space    used 794K, capacity 886K, committed 896K, reserved 1048576K
Event: 0.895 GC heap after
Heap after GC invocations=3 (full 0):
 PSYoungGen      total 18944K, used 2546K [0x00000007aab00000, 0x00000007ad000000, 0x00000007c0000000)
  eden space 16384K, 0% used [0x00000007aab00000,0x00000007aab00000,0x00000007abb00000)
  from space 2560K, 99% used [0x00000007abb00000,0x00000007abd7c8d0,0x00000007abd80000)
  to   space 2560K, 0% used [0x00000007acd80000,0x00000007acd80000,0x00000007ad000000)
 ParOldGen       total 44032K, used 38478K [0x0000000780000000, 0x0000000782b00000, 0x00000007aab00000)
  object space 44032K, 87% used [0x0000000780000000,0x0000000782593a20,0x0000000782b00000)
 Metaspace       used 7074K, capacity 7376K, committed 7552K, reserved 1056768K
  class space    used 794K, capacity 886K, committed 896K, reserved 1048576K
}
Event: 0.895 GC heap before
{Heap before GC invocations=4 (full 1):
 PSYoungGen      total 18944K, used 2546K [0x00000007aab00000, 0x00000007ad000000, 0x00000007c0000000)
  eden space 16384K, 0% used [0x00000007aab00000,0x00000007aab00000,0x00000007abb00000)
  from space 2560K, 99% used [0x00000007abb00000,0x00000007abd7c8d0,0x00000007abd80000)
  to   space 2560K, 0% used [0x00000007acd80000,0x00000007acd80000,0x00000007ad000000)
 ParOldGen       total 44032K, used 38478K [0x0000000780000000, 0x0000000782b00000, 0x00000007aab00000)
  object space 44032K, 87% used [0x0000000780000000,0x0000000782593a20,0x0000000782b00000)
 Metaspace       used 7074K, capacity 7376K, committed 7552K, reserved 1056768K
  class space    used 794K, capacity 886K, committed 896K, reserved 1048576K
Event: 0.949 GC heap after
Heap after GC invocations=4 (full 1):
 PSYoungGen      total 18944K, used 0K [0x00000007aab00000, 0x00000007ad000000, 0x00000007c0000000)
  eden space 16384K, 0% used [0x00000007aab00000,0x00000007aab00000,0x00000007abb00000)
  from space 2560K, 0% used [0x00000007abb00000,0x00000007abb00000,0x00000007abd80000)
  to   space 2560K, 0% used [0x00000007acd80000,0x00000007acd80000,0x00000007ad000000)
 ParOldGen       total 81408K, used 40901K [0x0000000780000000, 0x0000000784f80000, 0x00000007aab00000)
  object space 81408K, 50% used [0x0000000780000000,0x00000007827f14f8,0x0000000784f80000)
 Metaspace       used 7074K, capacity 7376K, committed 7552K, reserved 1056768K
  class space    used 794K, capacity 886K, committed 896K, reserved 1048576K
}
Event: 0.952 GC heap before
{Heap before GC invocations=5 (full 1):
 PSYoungGen      total 18944K, used 16384K [0x00000007aab00000, 0x00000007ad000000, 0x00000007c0000000)
  eden space 16384K, 100% used [0x00000007aab00000,0x00000007abb00000,0x00000007abb00000)
  from space 2560K, 0% used [0x00000007abb00000,0x00000007abb00000,0x00000007abd80000)
  to   space 2560K, 0% used [0x00000007acd80000,0x00000007acd80000,0x00000007ad000000)
 ParOldGen       total 81408K, used 40901K [0x0000000780000000, 0x0000000784f80000, 0x00000007aab00000)
  object space 81408K, 50% used [0x0000000780000000,0x00000007827f14f8,0x0000000784f80000)
 Metaspace       used 7074K, capacity 7376K, committed 7552K, reserved 1056768K
  class space    used 794K, capacity 886K, committed 896K, reserved 1048576K
Event: 0.967 GC heap after
Heap after GC invocations=5 (full 1):
 PSYoungGen      total 33280K, used 2545K [0x00000007aab00000, 0x00000007ad000000, 0x00000007c0000000)
  eden space 30720K, 0% used [0x00000007aab00000,0x00000007aab00000,0x00000007ac900000)
  from space 2560K, 99% used [0x00000007acd80000,0x00000007acffc590,0x00000007ad000000)
  to   space 2560K, 0% used [0x00000007acb00000,0x00000007acb00000,0x00000007acd80000)
 ParOldGen       total 81408K, used 54679K [0x0000000780000000, 0x0000000784f80000, 0x00000007aab00000)
  object space 81408K, 67% used [0x0000000780000000,0x0000000783565cc8,0x0000000784f80000)
 Metaspace       used 7074K, capacity 7376K, committed 7552K, reserved 1056768K
  class space    used 794K, capacity 886K, committed 896K, reserved 1048576K
}
Event: 2.086 GC heap before
{Heap before GC invocations=6 (full 1):
 PSYoungGen      total 33280K, used 33265K [0x00000007aab00000, 0x00000007ad000000, 0x00000007c0000000)
  eden space 30720K, 100% used [0x00000007aab00000,0x00000007ac900000,0x00000007ac900000)
  from space 2560K, 99% used [0x00000007acd80000,0x00000007acffc590,0x00000007ad000000)
  to   space 2560K, 0% used [0x00000007acb00000,0x00000007acb00000,0x00000007acd80000)
 ParOldGen       total 81408K, used 54679K [0x0000000780000000, 0x0000000784f80000, 0x00000007aab00000)
  object space 81408K, 67% used [0x0000000780000000,0x0000000783565cc8,0x0000000784f80000)
 Metaspace       used 10832K, capacity 11244K, committed 11392K, reserved 1058816K
  class space    used 1500K, capacity 1634K, committed 1664K, reserved 1048576K
Event: 2.098 GC heap after
Heap after GC invocations=6 (full 1):
 PSYoungGen      total 35328K, used 2559K [0x00000007aab00000, 0x00000007b1a00000, 0x00000007c0000000)
  eden space 32768K, 0% used [0x00000007aab00000,0x00000007aab00000,0x00000007acb00000)
  from space 2560K, 99% used [0x00000007acb00000,0x00000007acd7fcf0,0x00000007acd80000)
  to   space 28672K, 0% used [0x00000007afe00000,0x00000007afe00000,0x00000007b1a00000)
 ParOldGen       total 81408K, used 71627K [0x0000000780000000, 0x0000000784f80000, 0x00000007aab00000)
  object space 81408K, 87% used [0x0000000780000000,0x00000007845f2d78,0x0000000784f80000)
 Metaspace       used 10832K, capacity 11244K, committed 11392K, reserved 1058816K
  class space    used 1500K, capacity 1634K, committed 1664K, reserved 1048576K
}
Event: 2.098 GC heap before
{Heap before GC invocations=7 (full 2):
 PSYoungGen      total 35328K, used 2559K [0x00000007aab00000, 0x00000007b1a00000, 0x00000007c0000000)
  eden space 32768K, 0% used [0x00000007aab00000,0x00000007aab00000,0x00000007acb00000)
  from space 2560K, 99% used [0x00000007acb00000,0x00000007acd7fcf0,0x00000007acd80000)
  to   space 28672K, 0% used [0x00000007afe00000,0x00000007afe00000,0x00000007b1a00000)
 ParOldGen       total 81408K, used 71627K [0x0000000780000000, 0x0000000784f80000, 0x00000007aab00000)
  object space 81408K, 87% used [0x0000000780000000,0x00000007845f2d78,0x0000000784f80000)
 Metaspace       used 10832K, capacity 11244K, committed 11392K, reserved 1058816K
  class space    used 1500K, capacity 1634K, committed 1664K, reserved 1048576K
Event: 2.127 GC heap after
Heap after GC invocations=7 (full 2):
 PSYoungGen      total 35328K, used 0K [0x00000007aab00000, 0x00000007b1a00000, 0x00000007c0000000)
  eden space 32768K, 0% used [0x00000007aab00000,0x00000007aab00000,0x00000007acb00000)
  from space 2560K, 0% used [0x00000007acb00000,0x00000007acb00000,0x00000007acd80000)
  to   space 28672K, 0% used [0x00000007afe00000,0x00000007afe00000,0x00000007b1a00000)
 ParOldGen       total 116736K, used 74100K [0x0000000780000000, 0x0000000787200000, 0x00000007aab00000)
  object space 116736K, 63% used [0x0000000780000000,0x000000078485d2d0,0x0000000787200000)
 Metaspace       used 10832K, capacity 11244K, committed 11392K, reserved 1058816K
  class space    used 1500K, capacity 1634K, committed 1664K, reserved 1048576K
}

